0 info it worked if it ends with ok
1 verbose cli [ 'c:\\Program Files\\nodejs\\node.exe',
1 verbose cli   'c:\\Program Files\\nodejs\\node_modules\\npm\\bin\\npm-cli.js',
1 verbose cli   'install',
1 verbose cli   'canvas' ]
2 info using npm@2.14.7
3 info using node@v4.2.1
4 verbose install initial load of f:\gexamples\Migo-exercise\package.json
5 verbose installManyTop reading scoped package data from f:\gexamples\Migo-exercise\node_modules\body-parser\package.json
6 verbose installManyTop reading scoped package data from f:\gexamples\Migo-exercise\node_modules\connect\package.json
7 verbose installManyTop reading scoped package data from f:\gexamples\Migo-exercise\node_modules\cookie-parser\package.json
8 verbose installManyTop reading scoped package data from f:\gexamples\Migo-exercise\node_modules\debug\package.json
9 verbose installManyTop reading scoped package data from f:\gexamples\Migo-exercise\node_modules\express\package.json
10 verbose installManyTop reading scoped package data from f:\gexamples\Migo-exercise\node_modules\express-session\package.json
11 verbose installManyTop reading scoped package data from f:\gexamples\Migo-exercise\node_modules\formidable\package.json
12 verbose installManyTop reading scoped package data from f:\gexamples\Migo-exercise\node_modules\fs\package.json
13 verbose installManyTop reading scoped package data from f:\gexamples\Migo-exercise\node_modules\jade\package.json
14 verbose installManyTop reading scoped package data from f:\gexamples\Migo-exercise\node_modules\moment\package.json
15 verbose installManyTop reading scoped package data from f:\gexamples\Migo-exercise\node_modules\mongoose\package.json
16 verbose installManyTop reading scoped package data from f:\gexamples\Migo-exercise\node_modules\morgan\package.json
17 verbose installManyTop reading scoped package data from f:\gexamples\Migo-exercise\node_modules\multiparty\package.json
18 verbose installManyTop reading scoped package data from f:\gexamples\Migo-exercise\node_modules\qiniu\package.json
19 verbose installManyTop reading scoped package data from f:\gexamples\Migo-exercise\node_modules\serve-favicon\package.json
20 verbose installManyTop reading scoped package data from f:\gexamples\Migo-exercise\node_modules\session-mongoose\package.json
21 info package.json connect@2.0.3 No license field.
22 info package.json fs@0.0.2 fs is also the name of a node core module.
23 info package.json fs@0.0.2 No description
24 info package.json fs@0.0.2 No repository field.
25 info package.json session-mongoose@0.5.2 No license field.
26 info package.json formidable@1.0.17 No license field.
27 info package.json mongoose@3.8.39 No license field.
28 verbose readDependencies loading dependencies from f:\gexamples\Migo-exercise\package.json
29 silly cache add args [ 'canvas', null ]
30 verbose cache add spec canvas
31 silly cache add parsed spec Result {
31 silly cache add   raw: 'canvas',
31 silly cache add   scope: null,
31 silly cache add   name: 'canvas',
31 silly cache add   rawSpec: '',
31 silly cache add   spec: '*',
31 silly cache add   type: 'range' }
32 silly addNamed canvas@*
33 verbose addNamed "*" is a valid semver range for canvas
34 silly addNameRange { name: 'canvas', range: '*', hasData: false }
35 silly mapToRegistry name canvas
36 silly mapToRegistry using default registry
37 silly mapToRegistry registry https://registry.npmjs.org/
38 silly mapToRegistry uri https://registry.npmjs.org/canvas
39 verbose addNameRange registry:https://registry.npmjs.org/canvas not in flight; fetching
40 verbose request uri https://registry.npmjs.org/canvas
41 verbose request no auth needed
42 info attempt registry request try #1 at 11:16:50
43 verbose request id 7a62d6ac8f297e2f
44 verbose etag "6QCBX78UTU2QHOIWHFEN9KYUV"
45 http request GET https://registry.npmjs.org/canvas
46 http 304 https://registry.npmjs.org/canvas
47 verbose headers { date: 'Mon, 01 Feb 2016 03:16:52 GMT',
47 verbose headers   via: '1.1 varnish',
47 verbose headers   'cache-control': 'max-age=300',
47 verbose headers   etag: '"6QCBX78UTU2QHOIWHFEN9KYUV"',
47 verbose headers   age: '139',
47 verbose headers   connection: 'keep-alive',
47 verbose headers   'x-served-by': 'cache-itm7420-ITM',
47 verbose headers   'x-cache': 'HIT',
47 verbose headers   'x-cache-hits': '1',
47 verbose headers   'x-timer': 'S1454296612.100694,VS0,VE0',
47 verbose headers   vary: 'Accept' }
48 silly get cb [ 304,
48 silly get   { date: 'Mon, 01 Feb 2016 03:16:52 GMT',
48 silly get     via: '1.1 varnish',
48 silly get     'cache-control': 'max-age=300',
48 silly get     etag: '"6QCBX78UTU2QHOIWHFEN9KYUV"',
48 silly get     age: '139',
48 silly get     connection: 'keep-alive',
48 silly get     'x-served-by': 'cache-itm7420-ITM',
48 silly get     'x-cache': 'HIT',
48 silly get     'x-cache-hits': '1',
48 silly get     'x-timer': 'S1454296612.100694,VS0,VE0',
48 silly get     vary: 'Accept' } ]
49 verbose etag https://registry.npmjs.org/canvas from cache
50 verbose get saving canvas to C:\Users\Administrator\AppData\Roaming\npm-cache\registry.npmjs.org\canvas\.cache.json
51 silly addNameRange number 2 { name: 'canvas', range: '*', hasData: true }
52 silly addNameRange versions [ 'canvas',
52 silly addNameRange   [ '0.0.1',
52 silly addNameRange     '0.0.2',
52 silly addNameRange     '0.0.3',
52 silly addNameRange     '0.0.4',
52 silly addNameRange     '0.0.5',
52 silly addNameRange     '0.0.6',
52 silly addNameRange     '0.0.7',
52 silly addNameRange     '0.0.8',
52 silly addNameRange     '0.1.0',
52 silly addNameRange     '0.2.0',
52 silly addNameRange     '0.2.1',
52 silly addNameRange     '0.3.0',
52 silly addNameRange     '0.3.1',
52 silly addNameRange     '0.3.2',
52 silly addNameRange     '0.3.3',
52 silly addNameRange     '0.4.0',
52 silly addNameRange     '0.4.1',
52 silly addNameRange     '0.4.2',
52 silly addNameRange     '0.4.3',
52 silly addNameRange     '0.5.0',
52 silly addNameRange     '0.5.1',
52 silly addNameRange     '0.5.2',
52 silly addNameRange     '0.5.3',
52 silly addNameRange     '0.5.4',
52 silly addNameRange     '0.6.0',
52 silly addNameRange     '0.7.0',
52 silly addNameRange     '0.7.1',
52 silly addNameRange     '0.7.2',
52 silly addNameRange     '0.7.3',
52 silly addNameRange     '0.8.0',
52 silly addNameRange     '0.8.1',
52 silly addNameRange     '0.8.2',
52 silly addNameRange     '0.8.3',
52 silly addNameRange     '0.9.0',
52 silly addNameRange     '0.10.0',
52 silly addNameRange     '0.10.1',
52 silly addNameRange     '0.10.2',
52 silly addNameRange     '0.10.3',
52 silly addNameRange     '0.11.0',
52 silly addNameRange     '0.11.1',
52 silly addNameRange     '0.11.2',
52 silly addNameRange     '0.11.3',
52 silly addNameRange     '0.12.0',
52 silly addNameRange     '0.12.1',
52 silly addNameRange     '0.13.0',
52 silly addNameRange     '0.13.1',
52 silly addNameRange     '1.0.0',
52 silly addNameRange     '1.0.1',
52 silly addNameRange     '1.0.2',
52 silly addNameRange     '1.0.3',
52 silly addNameRange     '1.0.4',
52 silly addNameRange     '1.1.0',
52 silly addNameRange     '1.1.1',
52 silly addNameRange     '1.1.2',
52 silly addNameRange     '1.1.3',
52 silly addNameRange     '1.1.4',
52 silly addNameRange     '1.1.5',
52 silly addNameRange     '1.1.6',
52 silly addNameRange     '1.2.0',
52 silly addNameRange     '1.2.1',
52 silly addNameRange     '1.2.2',
52 silly addNameRange     '1.2.3',
52 silly addNameRange     '1.2.4',
52 silly addNameRange     '1.2.5',
52 silly addNameRange     '1.2.6',
52 silly addNameRange     '1.2.7',
52 silly addNameRange     '1.2.8',
52 silly addNameRange     '1.2.9',
52 silly addNameRange     '1.2.10',
52 silly addNameRange     '1.2.11',
52 silly addNameRange     '1.3.0',
52 silly addNameRange     '1.3.1',
52 silly addNameRange     '1.3.2',
52 silly addNameRange     '1.3.3',
52 silly addNameRange     '1.3.4',
52 silly addNameRange     '1.3.5',
52 silly addNameRange     '1.3.6',
52 silly addNameRange     '1.3.7',
52 silly addNameRange     '1.3.8',
52 silly addNameRange     '1.3.9' ] ]
53 silly addNamed canvas@1.3.9
54 verbose addNamed "1.3.9" is a plain semver version for canvas
55 silly cache afterAdd canvas@1.3.9
56 verbose afterAdd C:\Users\Administrator\AppData\Roaming\npm-cache\canvas\1.3.9\package\package.json not in flight; writing
57 verbose afterAdd C:\Users\Administrator\AppData\Roaming\npm-cache\canvas\1.3.9\package\package.json written
58 silly install resolved [ { name: 'canvas',
58 silly install resolved     description: 'Canvas graphics API backed by Cairo',
58 silly install resolved     version: '1.3.9',
58 silly install resolved     author: { name: 'TJ Holowaychuk', email: 'tj@learnboost.com' },
58 silly install resolved     contributors: [ [Object], [Object], [Object] ],
58 silly install resolved     keywords:
58 silly install resolved      [ 'canvas',
58 silly install resolved        'graphic',
58 silly install resolved        'graphics',
58 silly install resolved        'pixman',
58 silly install resolved        'cairo',
58 silly install resolved        'image',
58 silly install resolved        'images',
58 silly install resolved        'pdf' ],
58 silly install resolved     homepage: 'https://github.com/Automattic/node-canvas',
58 silly install resolved     repository:
58 silly install resolved      { type: 'git',
58 silly install resolved        url: 'git://github.com/Automattic/node-canvas.git' },
58 silly install resolved     scripts:
58 silly install resolved      { prebenchmark: 'node-gyp build',
58 silly install resolved        benchmark: 'node benchmarks/run.js',
58 silly install resolved        pretest: 'node-gyp build',
58 silly install resolved        test: 'mocha test/*.test.js',
58 silly install resolved        'pretest-server': 'node-gyp build',
58 silly install resolved        'test-server': 'node test/server.js',
58 silly install resolved        install: 'node-gyp rebuild' },
58 silly install resolved     dependencies: { nan: '^2.1.0' },
58 silly install resolved     devDependencies:
58 silly install resolved      { 'body-parser': '^1.13.3',
58 silly install resolved        express: '^4.13.2',
58 silly install resolved        jade: '^1.11.0',
58 silly install resolved        mocha: '*' },
58 silly install resolved     engines: { node: '>=0.8.0' },
58 silly install resolved     main: './lib/canvas.js',
58 silly install resolved     license: 'MIT',
58 silly install resolved     gypfile: true,
58 silly install resolved     gitHead: '7a4e56e2c53945adc9eca7d1c4cdab85ebe2127e',
58 silly install resolved     bugs: { url: 'https://github.com/Automattic/node-canvas/issues' },
58 silly install resolved     _id: 'canvas@1.3.9',
58 silly install resolved     _shasum: 'de96344b347083b1228a5596f0babc2032b84ed1',
58 silly install resolved     _from: 'canvas@*',
58 silly install resolved     _npmVersion: '3.5.3',
58 silly install resolved     _nodeVersion: '5.4.1',
58 silly install resolved     _npmUser: { name: 'linusu', email: 'linus@folkdatorn.se' },
58 silly install resolved     maintainers: [ [Object], [Object], [Object], [Object], [Object], [Object] ],
58 silly install resolved     dist:
58 silly install resolved      { shasum: 'de96344b347083b1228a5596f0babc2032b84ed1',
58 silly install resolved        tarball: 'http://registry.npmjs.org/canvas/-/canvas-1.3.9.tgz' },
58 silly install resolved     directories: {},
58 silly install resolved     _resolved: 'https://registry.npmjs.org/canvas/-/canvas-1.3.9.tgz',
58 silly install resolved     readme: 'ERROR: No README data found!' } ]
59 info install canvas@1.3.9 into f:\gexamples\Migo-exercise
60 info installOne canvas@1.3.9
61 verbose installOne of canvas to f:\gexamples\Migo-exercise not in flight; installing
62 verbose lock using C:\Users\Administrator\AppData\Roaming\npm-cache\_locks\canvas-48e8e225bd8bcd8c.lock for f:\gexamples\Migo-exercise\node_modules\canvas
63 silly install write writing canvas 1.3.9 to f:\gexamples\Migo-exercise\node_modules\canvas
64 verbose unbuild node_modules\canvas
65 silly gentlyRm f:\gexamples\Migo-exercise\node_modules\canvas is being purged from base f:\gexamples\Migo-exercise
66 verbose gentlyRm don't care about contents; nuking f:\gexamples\Migo-exercise\node_modules\canvas
67 verbose tar unpack C:\Users\Administrator\AppData\Roaming\npm-cache\canvas\1.3.9\package.tgz
68 verbose tar unpacking to f:\gexamples\Migo-exercise\node_modules\canvas
69 silly gentlyRm f:\gexamples\Migo-exercise\node_modules\canvas is being purged
70 verbose gentlyRm don't care about contents; nuking f:\gexamples\Migo-exercise\node_modules\canvas
71 silly gunzTarPerm modes [ '777', '666' ]
72 silly gunzTarPerm extractEntry package.json
73 silly gunzTarPerm modified mode [ 'package.json', 420, 438 ]
74 silly gunzTarPerm extractEntry .npmignore
75 silly gunzTarPerm modified mode [ '.npmignore', 420, 438 ]
76 silly gunzTarPerm extractEntry index.js
77 silly gunzTarPerm modified mode [ 'index.js', 420, 438 ]
78 silly gunzTarPerm extractEntry Readme.md
79 silly gunzTarPerm modified mode [ 'Readme.md', 420, 438 ]
80 silly gunzTarPerm extractEntry binding.gyp
81 silly gunzTarPerm modified mode [ 'binding.gyp', 493, 511 ]
82 silly gunzTarPerm extractEntry .travis.yml
83 silly gunzTarPerm modified mode [ '.travis.yml', 420, 438 ]
84 silly gunzTarPerm extractEntry lib/bindings.js
85 silly gunzTarPerm modified mode [ 'lib/bindings.js', 420, 438 ]
86 silly gunzTarPerm extractEntry lib/canvas.js
87 silly gunzTarPerm modified mode [ 'lib/canvas.js', 420, 438 ]
88 silly gunzTarPerm extractEntry lib/context2d.js
89 silly gunzTarPerm modified mode [ 'lib/context2d.js', 420, 438 ]
90 silly gunzTarPerm extractEntry lib/image.js
91 silly gunzTarPerm modified mode [ 'lib/image.js', 420, 438 ]
92 silly gunzTarPerm extractEntry lib/jpegstream.js
93 silly gunzTarPerm modified mode [ 'lib/jpegstream.js', 420, 438 ]
94 silly gunzTarPerm extractEntry lib/pngstream.js
95 silly gunzTarPerm modified mode [ 'lib/pngstream.js', 420, 438 ]
96 silly gunzTarPerm extractEntry History.md
97 silly gunzTarPerm modified mode [ 'History.md', 420, 438 ]
98 silly gunzTarPerm extractEntry src/Image.cc
99 silly gunzTarPerm modified mode [ 'src/Image.cc', 420, 438 ]
100 silly gunzTarPerm extractEntry src/Canvas.cc
101 silly gunzTarPerm modified mode [ 'src/Canvas.cc', 420, 438 ]
102 silly gunzTarPerm extractEntry src/CanvasGradient.cc
103 silly gunzTarPerm modified mode [ 'src/CanvasGradient.cc', 420, 438 ]
104 silly gunzTarPerm extractEntry src/CanvasGradient.h
105 silly gunzTarPerm modified mode [ 'src/CanvasGradient.h', 420, 438 ]
106 silly gunzTarPerm extractEntry src/CanvasPattern.cc
107 silly gunzTarPerm modified mode [ 'src/CanvasPattern.cc', 420, 438 ]
108 silly gunzTarPerm extractEntry src/CanvasPattern.h
109 silly gunzTarPerm modified mode [ 'src/CanvasPattern.h', 420, 438 ]
110 silly gunzTarPerm extractEntry src/CanvasRenderingContext2d.cc
111 silly gunzTarPerm modified mode [ 'src/CanvasRenderingContext2d.cc', 493, 511 ]
112 silly gunzTarPerm extractEntry src/CanvasRenderingContext2d.h
113 silly gunzTarPerm modified mode [ 'src/CanvasRenderingContext2d.h', 420, 438 ]
114 silly gunzTarPerm extractEntry src/FontFace.cc
115 silly gunzTarPerm modified mode [ 'src/FontFace.cc', 493, 511 ]
116 silly gunzTarPerm extractEntry src/FontFace.h
117 silly gunzTarPerm modified mode [ 'src/FontFace.h', 420, 438 ]
118 silly gunzTarPerm extractEntry src/Canvas.h
119 silly gunzTarPerm modified mode [ 'src/Canvas.h', 420, 438 ]
120 silly gunzTarPerm extractEntry src/Image.h
121 silly gunzTarPerm modified mode [ 'src/Image.h', 420, 438 ]
122 silly gunzTarPerm extractEntry src/ImageData.cc
123 silly gunzTarPerm modified mode [ 'src/ImageData.cc', 420, 438 ]
124 silly gunzTarPerm extractEntry src/ImageData.h
125 silly gunzTarPerm modified mode [ 'src/ImageData.h', 420, 438 ]
126 silly gunzTarPerm extractEntry src/JPEGStream.h
127 silly gunzTarPerm modified mode [ 'src/JPEGStream.h', 420, 438 ]
128 silly gunzTarPerm extractEntry src/PNG.h
129 silly gunzTarPerm modified mode [ 'src/PNG.h', 420, 438 ]
130 silly gunzTarPerm extractEntry src/Point.h
131 silly gunzTarPerm modified mode [ 'src/Point.h', 420, 438 ]
132 silly gunzTarPerm extractEntry src/closure.h
133 silly gunzTarPerm modified mode [ 'src/closure.h', 420, 438 ]
134 silly gunzTarPerm extractEntry src/color.cc
135 silly gunzTarPerm modified mode [ 'src/color.cc', 420, 438 ]
136 silly gunzTarPerm extractEntry src/color.h
137 silly gunzTarPerm modified mode [ 'src/color.h', 420, 438 ]
138 silly gunzTarPerm extractEntry src/init.cc
139 silly gunzTarPerm modified mode [ 'src/init.cc', 493, 511 ]
140 silly gunzTarPerm extractEntry util/has_lib.sh
141 silly gunzTarPerm modified mode [ 'util/has_lib.sh', 493, 511 ]
142 verbose write writing to f:\gexamples\Migo-exercise\node_modules\canvas\package.json
143 info preinstall canvas@1.3.9
144 verbose readDependencies loading dependencies from f:\gexamples\Migo-exercise\node_modules\canvas\package.json
145 silly prepareForInstallMany adding nan@^2.1.0 from canvas dependencies
146 verbose readDependencies loading dependencies from f:\gexamples\Migo-exercise\node_modules\canvas\package.json
147 silly cache add args [ 'nan@^2.1.0', null ]
148 verbose cache add spec nan@^2.1.0
149 silly cache add parsed spec Result {
149 silly cache add   raw: 'nan@^2.1.0',
149 silly cache add   scope: null,
149 silly cache add   name: 'nan',
149 silly cache add   rawSpec: '^2.1.0',
149 silly cache add   spec: '>=2.1.0 <3.0.0',
149 silly cache add   type: 'range' }
150 silly addNamed nan@>=2.1.0 <3.0.0
151 verbose addNamed ">=2.1.0 <3.0.0" is a valid semver range for nan
152 silly addNameRange { name: 'nan', range: '>=2.1.0 <3.0.0', hasData: false }
153 silly mapToRegistry name nan
154 silly mapToRegistry using default registry
155 silly mapToRegistry registry https://registry.npmjs.org/
156 silly mapToRegistry uri https://registry.npmjs.org/nan
157 verbose addNameRange registry:https://registry.npmjs.org/nan not in flight; fetching
158 verbose request uri https://registry.npmjs.org/nan
159 verbose request no auth needed
160 info attempt registry request try #1 at 11:16:51
161 verbose etag "798MRG5PQ3TIGV0CLUOSQMVAG"
162 http request GET https://registry.npmjs.org/nan
163 http 304 https://registry.npmjs.org/nan
164 verbose headers { date: 'Mon, 01 Feb 2016 03:16:52 GMT',
164 verbose headers   via: '1.1 varnish',
164 verbose headers   'cache-control': 'max-age=300',
164 verbose headers   etag: '"798MRG5PQ3TIGV0CLUOSQMVAG"',
164 verbose headers   age: '7',
164 verbose headers   connection: 'keep-alive',
164 verbose headers   'x-served-by': 'cache-itm7421-ITM',
164 verbose headers   'x-cache': 'HIT',
164 verbose headers   'x-cache-hits': '37',
164 verbose headers   'x-timer': 'S1454296612.600757,VS0,VE0',
164 verbose headers   vary: 'Accept' }
165 silly get cb [ 304,
165 silly get   { date: 'Mon, 01 Feb 2016 03:16:52 GMT',
165 silly get     via: '1.1 varnish',
165 silly get     'cache-control': 'max-age=300',
165 silly get     etag: '"798MRG5PQ3TIGV0CLUOSQMVAG"',
165 silly get     age: '7',
165 silly get     connection: 'keep-alive',
165 silly get     'x-served-by': 'cache-itm7421-ITM',
165 silly get     'x-cache': 'HIT',
165 silly get     'x-cache-hits': '37',
165 silly get     'x-timer': 'S1454296612.600757,VS0,VE0',
165 silly get     vary: 'Accept' } ]
166 verbose etag https://registry.npmjs.org/nan from cache
167 verbose get saving nan to C:\Users\Administrator\AppData\Roaming\npm-cache\registry.npmjs.org\nan\.cache.json
168 silly addNameRange number 2 { name: 'nan', range: '>=2.1.0 <3.0.0', hasData: true }
169 silly addNameRange versions [ 'nan',
169 silly addNameRange   [ '0.3.0-wip',
169 silly addNameRange     '0.3.0-wip2',
169 silly addNameRange     '0.3.0',
169 silly addNameRange     '0.3.1',
169 silly addNameRange     '0.3.2',
169 silly addNameRange     '0.4.0',
169 silly addNameRange     '0.4.1',
169 silly addNameRange     '0.4.2',
169 silly addNameRange     '0.4.3',
169 silly addNameRange     '0.4.4',
169 silly addNameRange     '0.5.0',
169 silly addNameRange     '0.5.1',
169 silly addNameRange     '0.5.2',
169 silly addNameRange     '0.6.0',
169 silly addNameRange     '0.7.0',
169 silly addNameRange     '0.7.1',
169 silly addNameRange     '0.8.0',
169 silly addNameRange     '1.0.0',
169 silly addNameRange     '1.1.0',
169 silly addNameRange     '1.1.1',
169 silly addNameRange     '1.1.2',
169 silly addNameRange     '1.2.0',
169 silly addNameRange     '1.3.0',
169 silly addNameRange     '1.4.0',
169 silly addNameRange     '1.4.1',
169 silly addNameRange     '1.5.0',
169 silly addNameRange     '1.4.2',
169 silly addNameRange     '1.4.3',
169 silly addNameRange     '1.5.1',
169 silly addNameRange     '1.5.2',
169 silly addNameRange     '1.6.0',
169 silly addNameRange     '1.5.3',
169 silly addNameRange     '1.6.1',
169 silly addNameRange     '1.6.2',
169 silly addNameRange     '1.7.0',
169 silly addNameRange     '1.8.0',
169 silly addNameRange     '1.8.1',
169 silly addNameRange     '1.8.2',
169 silly addNameRange     '1.8.3',
169 silly addNameRange     '1.8.4',
169 silly addNameRange     '1.9.0',
169 silly addNameRange     '2.0.0',
169 silly addNameRange     '2.0.1',
169 silly addNameRange     '2.0.2',
169 silly addNameRange     '2.0.3',
169 silly addNameRange     '2.0.4',
169 silly addNameRange     '2.0.5',
169 silly addNameRange     '2.0.6',
169 silly addNameRange     '2.0.7',
169 silly addNameRange     '2.0.8',
169 silly addNameRange     '2.0.9',
169 silly addNameRange     '2.1.0',
169 silly addNameRange     '2.2.0' ] ]
170 silly addNamed nan@2.2.0
171 verbose addNamed "2.2.0" is a plain semver version for nan
172 silly cache afterAdd nan@2.2.0
173 verbose afterAdd C:\Users\Administrator\AppData\Roaming\npm-cache\nan\2.2.0\package\package.json not in flight; writing
174 verbose afterAdd C:\Users\Administrator\AppData\Roaming\npm-cache\nan\2.2.0\package\package.json written
175 silly install resolved [ { name: 'nan',
175 silly install resolved     version: '2.2.0',
175 silly install resolved     description: 'Native Abstractions for Node.js: C++ header for Node 0.8 -> 4 compatibility',
175 silly install resolved     main: 'include_dirs.js',
175 silly install resolved     repository: { type: 'git', url: 'git://github.com/nodejs/nan.git' },
175 silly install resolved     scripts:
175 silly install resolved      { test: 'tap --gc test/js/*-test.js',
175 silly install resolved        'rebuild-tests': 'node-gyp rebuild --msvs_version=2013 --directory test',
175 silly install resolved        docs: 'doc/.build.sh' },
175 silly install resolved     contributors:
175 silly install resolved      [ [Object],
175 silly install resolved        [Object],
175 silly install resolved        [Object],
175 silly install resolved        [Object],
175 silly install resolved        [Object],
175 silly install resolved        [Object],
175 silly install resolved        [Object] ],
175 silly install resolved     devDependencies:
175 silly install resolved      { bindings: '~1.2.1',
175 silly install resolved        commander: '^2.8.1',
175 silly install resolved        glob: '^5.0.14',
175 silly install resolved        'node-gyp': '~3.0.1',
175 silly install resolved        tap: '~0.7.1',
175 silly install resolved        xtend: '~4.0.0' },
175 silly install resolved     license: 'MIT',
175 silly install resolved     bugs: { url: 'https://github.com/nodejs/nan/issues' },
175 silly install resolved     homepage: 'https://github.com/nodejs/nan#readme',
175 silly install resolved     _id: 'nan@2.2.0',
175 silly install resolved     _shasum: '779c07135629503cf6a7b7e6aab33049b3c3853c',
175 silly install resolved     _resolved: 'https://registry.npmjs.org/nan/-/nan-2.2.0.tgz',
175 silly install resolved     _from: 'nan@>=2.1.0 <3.0.0',
175 silly install resolved     _npmVersion: '3.3.6',
175 silly install resolved     _nodeVersion: '5.0.0',
175 silly install resolved     _npmUser: { name: 'kkoopa', email: 'bbyholm@abo.fi' },
175 silly install resolved     dist:
175 silly install resolved      { shasum: '779c07135629503cf6a7b7e6aab33049b3c3853c',
175 silly install resolved        tarball: 'http://registry.npmjs.org/nan/-/nan-2.2.0.tgz' },
175 silly install resolved     maintainers: [ [Object], [Object] ],
175 silly install resolved     directories: {},
175 silly install resolved     readme: 'ERROR: No README data found!' } ]
176 info install nan@2.2.0 into f:\gexamples\Migo-exercise\node_modules\canvas
177 info installOne nan@2.2.0
178 verbose installOne of nan to f:\gexamples\Migo-exercise\node_modules\canvas not in flight; installing
179 verbose lock using C:\Users\Administrator\AppData\Roaming\npm-cache\_locks\nan-63afe89425ef8b86.lock for f:\gexamples\Migo-exercise\node_modules\canvas\node_modules\nan
180 silly install write writing nan 2.2.0 to f:\gexamples\Migo-exercise\node_modules\canvas\node_modules\nan
181 verbose unbuild node_modules\canvas\node_modules\nan
182 silly gentlyRm f:\gexamples\Migo-exercise\node_modules\canvas\node_modules\nan is being purged from base f:\gexamples\Migo-exercise
183 verbose gentlyRm don't care about contents; nuking f:\gexamples\Migo-exercise\node_modules\canvas\node_modules\nan
184 verbose tar unpack C:\Users\Administrator\AppData\Roaming\npm-cache\nan\2.2.0\package.tgz
185 verbose tar unpacking to f:\gexamples\Migo-exercise\node_modules\canvas\node_modules\nan
186 silly gentlyRm f:\gexamples\Migo-exercise\node_modules\canvas\node_modules\nan is being purged
187 verbose gentlyRm don't care about contents; nuking f:\gexamples\Migo-exercise\node_modules\canvas\node_modules\nan
188 silly gunzTarPerm modes [ '777', '666' ]
189 silly gunzTarPerm extractEntry package.json
190 silly gunzTarPerm modified mode [ 'package.json', 436, 438 ]
191 silly gunzTarPerm extractEntry README.md
192 silly gunzTarPerm modified mode [ 'README.md', 436, 438 ]
193 silly gunzTarPerm extractEntry include_dirs.js
194 silly gunzTarPerm modified mode [ 'include_dirs.js', 436, 438 ]
195 silly gunzTarPerm extractEntry nan_converters.h
196 silly gunzTarPerm modified mode [ 'nan_converters.h', 436, 438 ]
197 silly gunzTarPerm extractEntry LICENSE.md
198 silly gunzTarPerm modified mode [ 'LICENSE.md', 436, 438 ]
199 silly gunzTarPerm extractEntry .dntrc
200 silly gunzTarPerm modified mode [ '.dntrc', 436, 438 ]
201 silly gunzTarPerm extractEntry appveyor.yml
202 silly gunzTarPerm modified mode [ 'appveyor.yml', 436, 438 ]
203 silly gunzTarPerm extractEntry doc/new.md
204 silly gunzTarPerm modified mode [ 'doc/new.md', 436, 438 ]
205 silly gunzTarPerm extractEntry doc/.build.sh
206 silly gunzTarPerm modified mode [ 'doc/.build.sh', 509, 511 ]
207 silly gunzTarPerm extractEntry doc/buffers.md
208 silly gunzTarPerm modified mode [ 'doc/buffers.md', 436, 438 ]
209 silly gunzTarPerm extractEntry doc/callback.md
210 silly gunzTarPerm modified mode [ 'doc/callback.md', 436, 438 ]
211 silly gunzTarPerm extractEntry doc/converters.md
212 silly gunzTarPerm modified mode [ 'doc/converters.md', 436, 438 ]
213 silly gunzTarPerm extractEntry doc/errors.md
214 silly gunzTarPerm modified mode [ 'doc/errors.md', 436, 438 ]
215 silly gunzTarPerm extractEntry doc/maybe_types.md
216 silly gunzTarPerm modified mode [ 'doc/maybe_types.md', 436, 438 ]
217 silly gunzTarPerm extractEntry doc/methods.md
218 silly gunzTarPerm modified mode [ 'doc/methods.md', 436, 438 ]
219 silly gunzTarPerm extractEntry doc/asyncworker.md
220 silly gunzTarPerm modified mode [ 'doc/asyncworker.md', 436, 438 ]
221 silly gunzTarPerm extractEntry doc/node_misc.md
222 silly gunzTarPerm modified mode [ 'doc/node_misc.md', 436, 438 ]
223 silly gunzTarPerm extractEntry doc/object_wrappers.md
224 silly gunzTarPerm modified mode [ 'doc/object_wrappers.md', 436, 438 ]
225 silly gunzTarPerm extractEntry doc/persistent.md
226 silly gunzTarPerm modified mode [ 'doc/persistent.md', 436, 438 ]
227 silly gunzTarPerm extractEntry doc/scopes.md
228 silly gunzTarPerm modified mode [ 'doc/scopes.md', 436, 438 ]
229 silly gunzTarPerm extractEntry doc/script.md
230 silly gunzTarPerm modified mode [ 'doc/script.md', 436, 438 ]
231 silly gunzTarPerm extractEntry doc/string_bytes.md
232 silly gunzTarPerm modified mode [ 'doc/string_bytes.md', 436, 438 ]
233 silly gunzTarPerm extractEntry doc/v8_internals.md
234 silly gunzTarPerm modified mode [ 'doc/v8_internals.md', 436, 438 ]
235 silly gunzTarPerm extractEntry doc/v8_misc.md
236 silly gunzTarPerm modified mode [ 'doc/v8_misc.md', 436, 438 ]
237 silly gunzTarPerm extractEntry nan.h
238 silly gunzTarPerm modified mode [ 'nan.h', 436, 438 ]
239 silly gunzTarPerm extractEntry nan_callbacks.h
240 silly gunzTarPerm modified mode [ 'nan_callbacks.h', 436, 438 ]
241 silly gunzTarPerm extractEntry nan_callbacks_12_inl.h
242 silly gunzTarPerm modified mode [ 'nan_callbacks_12_inl.h', 436, 438 ]
243 silly gunzTarPerm extractEntry nan_callbacks_pre_12_inl.h
244 silly gunzTarPerm modified mode [ 'nan_callbacks_pre_12_inl.h', 436, 438 ]
245 silly gunzTarPerm extractEntry nan_converters_43_inl.h
246 silly gunzTarPerm modified mode [ 'nan_converters_43_inl.h', 436, 438 ]
247 silly gunzTarPerm extractEntry nan_converters_pre_43_inl.h
248 silly gunzTarPerm modified mode [ 'nan_converters_pre_43_inl.h', 436, 438 ]
249 silly gunzTarPerm extractEntry nan_implementation_12_inl.h
250 silly gunzTarPerm modified mode [ 'nan_implementation_12_inl.h', 436, 438 ]
251 silly gunzTarPerm extractEntry nan_implementation_pre_12_inl.h
252 silly gunzTarPerm modified mode [ 'nan_implementation_pre_12_inl.h', 436, 438 ]
253 silly gunzTarPerm extractEntry nan_maybe_43_inl.h
254 silly gunzTarPerm modified mode [ 'nan_maybe_43_inl.h', 436, 438 ]
255 silly gunzTarPerm extractEntry nan_maybe_pre_43_inl.h
256 silly gunzTarPerm modified mode [ 'nan_maybe_pre_43_inl.h', 436, 438 ]
257 silly gunzTarPerm extractEntry nan_new.h
258 silly gunzTarPerm modified mode [ 'nan_new.h', 436, 438 ]
259 silly gunzTarPerm extractEntry nan_object_wrap.h
260 silly gunzTarPerm modified mode [ 'nan_object_wrap.h', 436, 438 ]
261 silly gunzTarPerm extractEntry nan_persistent_12_inl.h
262 silly gunzTarPerm modified mode [ 'nan_persistent_12_inl.h', 436, 438 ]
263 silly gunzTarPerm extractEntry nan_persistent_pre_12_inl.h
264 silly gunzTarPerm modified mode [ 'nan_persistent_pre_12_inl.h', 436, 438 ]
265 silly gunzTarPerm extractEntry nan_string_bytes.h
266 silly gunzTarPerm modified mode [ 'nan_string_bytes.h', 436, 438 ]
267 silly gunzTarPerm extractEntry nan_typedarray_contents.h
268 silly gunzTarPerm modified mode [ 'nan_typedarray_contents.h', 436, 438 ]
269 silly gunzTarPerm extractEntry nan_weak.h
270 silly gunzTarPerm modified mode [ 'nan_weak.h', 436, 438 ]
271 silly gunzTarPerm extractEntry CHANGELOG.md
272 silly gunzTarPerm modified mode [ 'CHANGELOG.md', 436, 438 ]
273 silly gunzTarPerm extractEntry tools/package.json
274 silly gunzTarPerm modified mode [ 'tools/package.json', 436, 438 ]
275 silly gunzTarPerm extractEntry tools/README.md
276 silly gunzTarPerm modified mode [ 'tools/README.md', 436, 438 ]
277 silly gunzTarPerm extractEntry tools/1to2.js
278 silly gunzTarPerm modified mode [ 'tools/1to2.js', 509, 511 ]
279 verbose write writing to f:\gexamples\Migo-exercise\node_modules\canvas\node_modules\nan\package.json
280 info preinstall nan@2.2.0
281 verbose readDependencies loading dependencies from f:\gexamples\Migo-exercise\node_modules\canvas\node_modules\nan\package.json
282 verbose readDependencies loading dependencies from f:\gexamples\Migo-exercise\node_modules\canvas\node_modules\nan\package.json
283 silly install resolved []
284 verbose about to build f:\gexamples\Migo-exercise\node_modules\canvas\node_modules\nan
285 info build f:\gexamples\Migo-exercise\node_modules\canvas\node_modules\nan
286 info linkStuff nan@2.2.0
287 silly linkStuff nan@2.2.0 has f:\gexamples\Migo-exercise\node_modules\canvas\node_modules as its parent node_modules
288 verbose linkBins nan@2.2.0
289 verbose linkMans nan@2.2.0
290 verbose rebuildBundles nan@2.2.0
291 info install nan@2.2.0
292 info postinstall nan@2.2.0
293 verbose unlock done using C:\Users\Administrator\AppData\Roaming\npm-cache\_locks\nan-63afe89425ef8b86.lock for f:\gexamples\Migo-exercise\node_modules\canvas\node_modules\nan
294 verbose about to build f:\gexamples\Migo-exercise\node_modules\canvas
295 info build f:\gexamples\Migo-exercise\node_modules\canvas
296 info linkStuff canvas@1.3.9
297 silly linkStuff canvas@1.3.9 has f:\gexamples\Migo-exercise\node_modules as its parent node_modules
298 verbose linkBins canvas@1.3.9
299 verbose linkMans canvas@1.3.9
300 verbose rebuildBundles canvas@1.3.9
301 verbose rebuildBundles [ 'nan' ]
302 info install canvas@1.3.9
303 verbose unsafe-perm in lifecycle true
304 info canvas@1.3.9 Failed to exec install script
305 verbose unlock done using C:\Users\Administrator\AppData\Roaming\npm-cache\_locks\canvas-48e8e225bd8bcd8c.lock for f:\gexamples\Migo-exercise\node_modules\canvas
306 verbose stack Error: canvas@1.3.9 install: `node-gyp rebuild`
306 verbose stack Exit status 1
306 verbose stack     at EventEmitter.<anonymous> (c:\Program Files\nodejs\node_modules\npm\lib\utils\lifecycle.js:214:16)
306 verbose stack     at emitTwo (events.js:87:13)
306 verbose stack     at EventEmitter.emit (events.js:172:7)
306 verbose stack     at ChildProcess.<anonymous> (c:\Program Files\nodejs\node_modules\npm\lib\utils\spawn.js:24:14)
306 verbose stack     at emitTwo (events.js:87:13)
306 verbose stack     at ChildProcess.emit (events.js:172:7)
306 verbose stack     at maybeClose (internal/child_process.js:818:16)
306 verbose stack     at Process.ChildProcess._handle.onexit (internal/child_process.js:211:5)
307 verbose pkgid canvas@1.3.9
308 verbose cwd f:\gexamples\Migo-exercise
309 error Windows_NT 6.1.7601
310 error argv "c:\\Program Files\\nodejs\\node.exe" "c:\\Program Files\\nodejs\\node_modules\\npm\\bin\\npm-cli.js" "install" "canvas"
311 error node v4.2.1
312 error npm  v2.14.7
313 error code ELIFECYCLE
314 error canvas@1.3.9 install: `node-gyp rebuild`
314 error Exit status 1
315 error Failed at the canvas@1.3.9 install script 'node-gyp rebuild'.
315 error This is most likely a problem with the canvas package,
315 error not with npm itself.
315 error Tell the author that this fails on your system:
315 error     node-gyp rebuild
315 error You can get their info via:
315 error     npm owner ls canvas
315 error There is likely additional logging output above.
316 verbose exit [ 1, true ]
317 verbose unbuild node_modules\canvas
318 info preuninstall canvas@1.3.9
319 info uninstall canvas@1.3.9
320 verbose unbuild rmStuff canvas@1.3.9 from f:\gexamples\Migo-exercise\node_modules
321 info postuninstall canvas@1.3.9
322 silly gentlyRm f:\gexamples\Migo-exercise\node_modules\canvas is being purged from base f:\gexamples\Migo-exercise
323 verbose gentlyRm don't care about contents; nuking f:\gexamples\Migo-exercise\node_modules\canvas
324 silly vacuum-fs purging f:\gexamples\Migo-exercise\node_modules\canvas
325 silly vacuum-fs quitting because other entries in f:\gexamples\Migo-exercise\node_modules
